<?xml version="1.0" encoding="UTF-8"?>
<testsuite xmlns:xsi="http://www.w3.org/2001/XMLSchema-instance" xsi:noNamespaceSchemaLocation="https://maven.apache.org/surefire/maven-surefire-plugin/xsd/surefire-test-report.xsd" name="com.easyjava.codegen.SafeGenerationEngineTest" time="0.452" tests="10" errors="0" skipped="0" failures="0">
  <properties>
[...]
</properties>
  <testcase name="shouldParseConsoleConflictChoice" classname="com.easyjava.codegen.SafeGenerationEngineTest" time="0"/>
  <testcase name="shouldResolveConflictByOverwritingWithNew" classname="com.easyjava.codegen.SafeGenerationEngineTest" time="0.22"/>
  <testcase name="shouldReuseExistingConflictMarkersFromMergeResult" classname="com.easyjava.codegen.SafeGenerationEngineTest" time="0.024"/>
  <testcase name="shouldAutoMergeDifferentJavaMethods" classname="com.easyjava.codegen.SafeGenerationEngineTest" time="0.022"/>
  <testcase name="shouldNotConflictWhenLocalAndNewDifferOnlyByLineEndings" classname="com.easyjava.codegen.SafeGenerationEngineTest" time="0.017"/>
  <testcase name="shouldKeepCustomMapperXmlNodeAndUpdateCrudNode" classname="com.easyjava.codegen.SafeGenerationEngineTest" time="0.094"/>
  <testcase name="shouldMarkConflictWhenSameJavaMethodChanged" classname="com.easyjava.codegen.SafeGenerationEngineTest" time="0.022"/>
  <testcase name="shouldResolveConflictByWritingConflictMarkersToTarget" classname="com.easyjava.codegen.SafeGenerationEngineTest" time="0.028"/>
  <testcase name="shouldNotNestConflictMarkersWhenLocalAlreadyContainsConflict" classname="com.easyjava.codegen.SafeGenerationEngineTest" time="0.011"/>
  <testcase name="shouldTryMergeWhenBaseSnapshotIsMissing" classname="com.easyjava.codegen.SafeGenerationEngineTest" time="0.012"/>
</testsuite>