<?xml version="1.0" encoding="UTF-8"?>
<testsuite xmlns:xsi="http://www.w3.org/2001/XMLSchema-instance" xsi:noNamespaceSchemaLocation="https://maven.apache.org/surefire/maven-surefire-plugin/xsd/surefire-test-report.xsd" name="com.easyjava.AppTest" time="0.026" tests="3" errors="0" skipped="0" failures="0">
  <properties>
[...]
</properties>
  <testcase name="shouldAnswerWithTrue" classname="com.easyjava.AppTest" time="0.002"/>
  <testcase name="TestConcatString" classname="com.easyjava.AppTest" time="0.004"/>
  <testcase name="GetIntValue" classname="com.easyjava.AppTest" time="0"/>
</testsuite>